Build started 11/16/2016 2:09:03 PM.
     1>Project "C:\Users\Angelo\Documents\gitStuff\Senior-Design\ConsoleApplication1\ConsoleApplication1\ConsoleApplication1.vcxproj" on node 2 (Build target(s)).
     1>C:\Program Files (x86)\MSBuild\Microsoft.Cpp\v4.0\V110\Microsoft.CppBuild.targets(346,5): warning MSB8004: Output Directory does not end with a trailing slash.  This build instance will add the slash as it is required to allow proper evaluation of the Output Directory.
     1>ClCompile:
         C:\Program Files (x86)\Microsoft Visual Studio 11.0\VC\bin\x86_amd64\CL.exe /c /IC:\opencv\build\\include /Zi /nologo /W3 /WX- /sdl /O2 /Oi /GL /D WIN32 /D NDEBUG /D _CONSOLE /D _UNICODE /D UNICODE /Gm- /EHsc /MD /GS /Gy /fp:precise /Zc:wchar_t /Zc:forScope /Yc"stdafx.h" /Fp"x64\Release\ScrollReader_CV.pch" /Fo"x64\Release\\" /Fd"x64\Release\vc110.pdb" /Gd /TP /errorReport:prompt stdafx.cpp
         stdafx.cpp
         C:\Program Files (x86)\Microsoft Visual Studio 11.0\VC\bin\x86_amd64\CL.exe /c /IC:\opencv\build\\include /Zi /nologo /W3 /WX- /sdl /O2 /Oi /GL /D WIN32 /D NDEBUG /D _CONSOLE /D _UNICODE /D UNICODE /Gm- /EHsc /MD /GS /Gy /fp:precise /Zc:wchar_t /Zc:forScope /Yu"stdafx.h" /Fp"x64\Release\ScrollReader_CV.pch" /Fo"x64\Release\\" /Fd"x64\Release\vc110.pdb" /Gd /TP /errorReport:prompt ConsoleApplication1.cpp
         ConsoleApplication1.cpp
     1>ConsoleApplication1.cpp(135): warning C4267: '/=' : conversion from 'size_t' to 'int', possible loss of data
     1>ConsoleApplication1.cpp(136): warning C4267: '/=' : conversion from 'size_t' to 'int', possible loss of data
     1>ConsoleApplication1.cpp(153): warning C4244: 'initializing' : conversion from 'double' to 'int', possible loss of data
     1>ConsoleApplication1.cpp(218): warning C4101: 'e' : unreferenced local variable
       Link:
         C:\Program Files (x86)\Microsoft Visual Studio 11.0\VC\bin\x86_amd64\link.exe /ERRORREPORT:PROMPT /OUT:"..\..\GUI Project\GUI Project\CV\ScrollReader_CV.exe" /INCREMENTAL:NO /NOLOGO /LIBPATH:C:\opencv\build\\x64\vc11\lib opencv_calib3d2413.lib opencv_contrib2413.lib opencv_core2413.lib opencv_features2d2413.lib opencv_flann2413.lib opencv_gpu2413.lib opencv_highgui2413.lib opencv_imgproc2413.lib opencv_legacy2413.lib opencv_ml2413.lib opencv_nonfree2413.lib opencv_objdetect2413.lib opencv_photo2413.lib opencv_stitching2413.lib opencv_superres2413.lib opencv_ts2413.lib opencv_video2413.lib opencv_videostab2413.lib kernel32.lib user32.lib gdi32.lib winspool.lib comdlg32.lib advapi32.lib shell32.lib ole32.lib oleaut32.lib uuid.lib odbc32.lib odbccp32.lib /MANIFEST /MANIFESTUAC:"level='asInvoker' uiAccess='false'" /manifest:embed /DEBUG /PDB:"..\..\GUI Project\GUI Project\CV\ScrollReader_CV.pdb" /SUBSYSTEM:CONSOLE /OPT:REF /OPT:ICF /LTCG /TLBID:1 /DYNAMICBASE /NXCOMPAT /IMPLIB:"..\..\GUI Project\GUI Project\CV\ScrollReader_CV.lib" /MACHINE:X64 x64\Release\ConsoleApplication1.obj
         x64\Release\stdafx.obj
         Generating code
         Finished generating code
         ConsoleApplication1.vcxproj -> C:\Users\Angelo\Documents\gitStuff\Senior-Design\ConsoleApplication1\ConsoleApplication1\..\..\GUI Project\GUI Project\CV\ScrollReader_CV.exe
     1>Done Building Project "C:\Users\Angelo\Documents\gitStuff\Senior-Design\ConsoleApplication1\ConsoleApplication1\ConsoleApplication1.vcxproj" (Build target(s)).

Build succeeded.

Time Elapsed 00:00:02.88
