c:\users\joe\documents\visual studio 2015\projects\cs499\cs499\debug\vc140.pdb
c:\users\joe\documents\visual studio 2015\projects\cs499\cs499\debug\vc140.idb
c:\users\joe\documents\visual studio 2015\projects\cs499\cs499\debug\add_notes_to_midi.obj
c:\users\joe\documents\visual studio 2015\projects\cs499\cs499\debug\main.obj
c:\users\coolh\documents\collegefiles\2016 fall\cs 499\senior-design\midi\cs499\debug\vc140.pdb
c:\users\coolh\documents\collegefiles\2016 fall\cs 499\senior-design\midi\cs499\debug\vc140.idb
c:\users\coolh\documents\collegefiles\2016 fall\cs 499\senior-design\midi\cs499\debug\main.obj
c:\users\joe\documents\visual studio 2015\projects\cs499\debug\cs499.ilk
c:\users\joe\documents\visual studio 2015\projects\cs499\debug\cs499.exe
c:\users\joe\documents\visual studio 2015\projects\cs499\debug\cs499.pdb
c:\users\coolh\documents\collegefiles\2016 fall\cs 499\senior-design\midi\debug\cs499.ilk
c:\users\coolh\documents\collegefiles\2016 fall\cs 499\senior-design\midi\debug\cs499.exe
c:\users\coolh\documents\collegefiles\2016 fall\cs 499\senior-design\midi\debug\cs499.pdb
c:\users\coolh\documents\collegefiles\2016 fall\cs 499\senior-design\midi\cs499\debug\add_notes_to_midi.obj
c:\users\coolh\documents\collegefiles\2016 fall\cs 499\senior-design\midi\cs499\debug\cs499.tlog\cl.command.1.tlog
c:\users\coolh\documents\collegefiles\2016 fall\cs 499\senior-design\midi\cs499\debug\cs499.tlog\cl.read.1.tlog
c:\users\coolh\documents\collegefiles\2016 fall\cs 499\senior-design\midi\cs499\debug\cs499.tlog\cl.write.1.tlog
c:\users\coolh\documents\collegefiles\2016 fall\cs 499\senior-design\midi\cs499\debug\cs499.tlog\link.command.1.tlog
c:\users\coolh\documents\collegefiles\2016 fall\cs 499\senior-design\midi\cs499\debug\cs499.tlog\link.delete.1.tlog
c:\users\coolh\documents\collegefiles\2016 fall\cs 499\senior-design\midi\cs499\debug\cs499.tlog\link.read.1.tlog
c:\users\coolh\documents\collegefiles\2016 fall\cs 499\senior-design\midi\cs499\debug\cs499.tlog\link.write.1.tlog
