Build started 11/13/2016 4:23:24 PM.
     1>Project "C:\Users\coolh\Documents\CollegeFiles\2016 Fall\CS 499\Senior-Design\MIDI\CS499\CS499.vcxproj" on node 2 (Build target(s)).
     1>ClCompile:
         C:\Program Files (x86)\Microsoft Visual Studio 14.0\VC\bin\CL.exe /c /ZI /nologo /W3 /WX- /sdl /Od /Oy- /D _MBCS /D _MBCS /D _CRT_SECURE_NO_WARNINGS /Gm /EHsc /RTC1 /MDd /GS /fp:precise /Zc:wchar_t /Zc:forScope /Zc:inline /Fo"Debug\\" /Fd"Debug\vc140.pdb" /Gd /TP /analyze- /errorReport:prompt main.cpp
         main.cpp
     1>c:\users\coolh\documents\collegefiles\2016 fall\cs 499\senior-design\midi\cs499\main.cpp(286): warning C4018: '<': signed/unsigned mismatch
     1>c:\users\coolh\documents\collegefiles\2016 fall\cs 499\senior-design\midi\cs499\main.cpp(329): warning C4018: '<': signed/unsigned mismatch
       Link:
         C:\Program Files (x86)\Microsoft Visual Studio 14.0\VC\bin\link.exe /ERRORREPORT:PROMPT /OUT:"C:\Users\coolh\Documents\CollegeFiles\2016 Fall\CS 499\Senior-Design\MIDI\Debug\CS499.exe" /INCREMENTAL /NOLOGO /LIBPATH:"C:\Users\coolh\Documents\CollegeFiles\2016 Fall\CS 499\Senior-Design\MIDI\\Libraries" kernel32.lib user32.lib gdi32.lib winspool.lib comdlg32.lib advapi32.lib shell32.lib ole32.lib oleaut32.lib uuid.lib odbc32.lib odbccp32.lib kernel32.lib user32.lib gdi32.lib winspool.lib comdlg32.lib advapi32.lib shell32.lib ole32.lib oleaut32.lib uuid.lib odbc32.lib odbccp32.lib jdksmidi.lib /MANIFEST /MANIFESTUAC:"level='asInvoker' uiAccess='false'" /manifest:embed /DEBUG:FASTLINK /PDB:"C:\Users\coolh\Documents\CollegeFiles\2016 Fall\CS 499\Senior-Design\MIDI\Debug\CS499.pdb" /TLBID:1 /DYNAMICBASE /NXCOMPAT /IMPLIB:"C:\Users\coolh\Documents\CollegeFiles\2016 Fall\CS 499\Senior-Design\MIDI\Debug\CS499.lib" /MACHINE:X86 Debug\main.obj
         LINK : C:\Users\coolh\Documents\CollegeFiles\2016 Fall\CS 499\Senior-Design\MIDI\Debug\CS499.exe not found or not built by the last incremental link; performing full link
     1>jdksmidi.lib(jdksmidi_msg.obj) : error LNK2038: mismatch detected for 'RuntimeLibrary': value 'MTd_StaticDebug' doesn't match value 'MDd_DynamicDebug' in main.obj
     1>jdksmidi.lib(jdksmidi_track.obj) : error LNK2038: mismatch detected for 'RuntimeLibrary': value 'MTd_StaticDebug' doesn't match value 'MDd_DynamicDebug' in main.obj
     1>jdksmidi.lib(jdksmidi_multitrack.obj) : error LNK2038: mismatch detected for 'RuntimeLibrary': value 'MTd_StaticDebug' doesn't match value 'MDd_DynamicDebug' in main.obj
     1>jdksmidi.lib(jdksmidi_filewrite.obj) : error LNK2038: mismatch detected for 'RuntimeLibrary': value 'MTd_StaticDebug' doesn't match value 'MDd_DynamicDebug' in main.obj
     1>jdksmidi.lib(jdksmidi_filewritemultitrack.obj) : error LNK2038: mismatch detected for 'RuntimeLibrary': value 'MTd_StaticDebug' doesn't match value 'MDd_DynamicDebug' in main.obj
     1>jdksmidi.lib(jdksmidi_sysex.obj) : error LNK2038: mismatch detected for 'RuntimeLibrary': value 'MTd_StaticDebug' doesn't match value 'MDd_DynamicDebug' in main.obj
     1>jdksmidi.lib(jdksmidi_midi.obj) : error LNK2038: mismatch detected for 'RuntimeLibrary': value 'MTd_StaticDebug' doesn't match value 'MDd_DynamicDebug' in main.obj
     1>jdksmidi.lib(jdksmidi_file.obj) : error LNK2038: mismatch detected for 'RuntimeLibrary': value 'MTd_StaticDebug' doesn't match value 'MDd_DynamicDebug' in main.obj
     1>LINK : warning LNK4098: defaultlib 'LIBCMTD' conflicts with use of other libs; use /NODEFAULTLIB:library
     1>C:\Users\coolh\Documents\CollegeFiles\2016 Fall\CS 499\Senior-Design\MIDI\Debug\CS499.exe : fatal error LNK1319: 8 mismatches detected
     1>Done Building Project "C:\Users\coolh\Documents\CollegeFiles\2016 Fall\CS 499\Senior-Design\MIDI\CS499\CS499.vcxproj" (Build target(s)) -- FAILED.

Build FAILED.

Time Elapsed 00:00:05.85
