c:\users\coolh\documents\collegefiles\2016 fall\cs 499\senior-design\midi\libraries\jdksmidi-master\build\vs2013\release\jdksmidi.pdb
c:\users\coolh\documents\collegefiles\2016 fall\cs 499\senior-design\midi\libraries\jdksmidi-master\build\vs2013\release\jdksmidi_sequencer.obj
c:\users\coolh\documents\collegefiles\2016 fall\cs 499\senior-design\midi\libraries\jdksmidi-master\build\vs2013\release\jdksmidi_queue.obj
c:\users\coolh\documents\collegefiles\2016 fall\cs 499\senior-design\midi\libraries\jdksmidi-master\build\vs2013\release\jdksmidi_process.obj
c:\users\coolh\documents\collegefiles\2016 fall\cs 499\senior-design\midi\libraries\jdksmidi-master\build\vs2013\release\jdksmidi_parser.obj
c:\users\coolh\documents\collegefiles\2016 fall\cs 499\senior-design\midi\libraries\jdksmidi-master\build\vs2013\release\jdksmidi_multitrack.obj
c:\users\coolh\documents\collegefiles\2016 fall\cs 499\senior-design\midi\libraries\jdksmidi-master\build\vs2013\release\jdksmidi_msg.obj
c:\users\coolh\documents\collegefiles\2016 fall\cs 499\senior-design\midi\libraries\jdksmidi-master\build\vs2013\release\jdksmidi_midi.obj
c:\users\coolh\documents\collegefiles\2016 fall\cs 499\senior-design\midi\libraries\jdksmidi-master\build\vs2013\release\jdksmidi_matrix.obj
c:\users\coolh\documents\collegefiles\2016 fall\cs 499\senior-design\midi\libraries\jdksmidi-master\build\vs2013\release\jdksmidi_manager.obj
c:\users\coolh\documents\collegefiles\2016 fall\cs 499\senior-design\midi\libraries\jdksmidi-master\build\vs2013\release\jdksmidi_keysig.obj
c:\users\coolh\documents\collegefiles\2016 fall\cs 499\senior-design\midi\libraries\jdksmidi-master\build\vs2013\release\jdksmidi_filewritemultitrack.obj
c:\users\coolh\documents\collegefiles\2016 fall\cs 499\senior-design\midi\libraries\jdksmidi-master\build\vs2013\release\jdksmidi_filewrite.obj
c:\users\coolh\documents\collegefiles\2016 fall\cs 499\senior-design\midi\libraries\jdksmidi-master\build\vs2013\release\jdksmidi_fileshow.obj
c:\users\coolh\documents\collegefiles\2016 fall\cs 499\senior-design\midi\libraries\jdksmidi-master\build\vs2013\release\jdksmidi_filereadmultitrack.obj
c:\users\coolh\documents\collegefiles\2016 fall\cs 499\senior-design\midi\libraries\jdksmidi-master\build\vs2013\release\jdksmidi_fileread.obj
c:\users\coolh\documents\collegefiles\2016 fall\cs 499\senior-design\midi\libraries\jdksmidi-master\build\vs2013\release\jdksmidi_file.obj
c:\users\coolh\documents\collegefiles\2016 fall\cs 499\senior-design\midi\libraries\jdksmidi-master\build\vs2013\release\jdksmidi_edittrack.obj
c:\users\coolh\documents\collegefiles\2016 fall\cs 499\senior-design\midi\libraries\jdksmidi-master\build\vs2013\release\jdksmidi_driverdump.obj
c:\users\coolh\documents\collegefiles\2016 fall\cs 499\senior-design\midi\libraries\jdksmidi-master\build\vs2013\release\jdksmidi_driver.obj
c:\users\coolh\documents\collegefiles\2016 fall\cs 499\senior-design\midi\libraries\jdksmidi-master\build\vs2013\release\jdksmidi_advancedsequencer.obj
c:\users\coolh\documents\collegefiles\2016 fall\cs 499\senior-design\midi\libraries\jdksmidi-master\build\vs2013\release\jdksmidi_track.obj
c:\users\coolh\documents\collegefiles\2016 fall\cs 499\senior-design\midi\libraries\jdksmidi-master\build\vs2013\release\jdksmidi_tick.obj
c:\users\coolh\documents\collegefiles\2016 fall\cs 499\senior-design\midi\libraries\jdksmidi-master\build\vs2013\release\jdksmidi_tempo.obj
c:\users\coolh\documents\collegefiles\2016 fall\cs 499\senior-design\midi\libraries\jdksmidi-master\build\vs2013\release\jdksmidi_sysex.obj
c:\users\coolh\documents\collegefiles\2016 fall\cs 499\senior-design\midi\libraries\jdksmidi-master\build\vs2013\release\jdksmidi_smpte.obj
c:\users\coolh\documents\collegefiles\2016 fall\cs 499\senior-design\midi\libraries\jdksmidi-master\build\vs2013\release\jdksmidi_showcontrolhandler.obj
c:\users\coolh\documents\collegefiles\2016 fall\cs 499\senior-design\midi\libraries\jdksmidi-master\build\vs2013\release\jdksmidi_showcontrol.obj
c:\users\coolh\documents\collegefiles\2016 fall\cs 499\senior-design\midi\libraries\jdksmidi-master\build\vs2013\release\jdksmidi_driverwin32.obj
c:\users\coolh\documents\collegefiles\2016 fall\cs 499\senior-design\midi\libraries\jdksmidi-master\build\vs2013\release\jdksmidi.lib
c:\users\coolh\documents\collegefiles\2016 fall\cs 499\senior-design\midi\libraries\jdksmidi-master\build\vs2013\.\release\jdksmidi.lib
c:\users\coolh\documents\collegefiles\2016 fall\cs 499\senior-design\midi\libraries\jdksmidi-master\build\vs2013\release\jdksmidi.tlog\cl.command.1.tlog
c:\users\coolh\documents\collegefiles\2016 fall\cs 499\senior-design\midi\libraries\jdksmidi-master\build\vs2013\release\jdksmidi.tlog\cl.read.1.tlog
c:\users\coolh\documents\collegefiles\2016 fall\cs 499\senior-design\midi\libraries\jdksmidi-master\build\vs2013\release\jdksmidi.tlog\cl.write.1.tlog
c:\users\coolh\documents\collegefiles\2016 fall\cs 499\senior-design\midi\libraries\jdksmidi-master\build\vs2013\release\jdksmidi.tlog\lib-link.read.1.tlog
c:\users\coolh\documents\collegefiles\2016 fall\cs 499\senior-design\midi\libraries\jdksmidi-master\build\vs2013\release\jdksmidi.tlog\lib-link.write.1.tlog
c:\users\coolh\documents\collegefiles\2016 fall\cs 499\senior-design\midi\libraries\jdksmidi-master\build\vs2013\release\jdksmidi.tlog\lib.command.1.tlog
